[17:03:04] Main: check_dependencies()
[17:03:04] Main: add_default_exclude_entries()
[17:03:04] Main: add_default_exclude_entries(): exit
[17:03:04] update_partitions()
[17:03:04] Device: get_disk_space_using_df(): 1
[17:03:04] Device: get_mounted_filesystems_using_mtab(): 1
[17:03:04] Device: get_filesystems(): 2
[17:03:04] partition list updated
[17:03:04] detect_system_devices()
[17:03:04] Searching subvolume for system at path: /
[17:03:04] Users: dummy getgetgetgetgotgotgotgot root hashing_lynx pikachu
[17:03:04] Encrypted home users: 
[17:03:04] Encrypted home dirs:

[17:03:04] Encrypted private dirs:

[17:03:04] Main: load_app_config()
[17:03:04] First run mode (config file not found)
[17:03:04] Selected default snapshot type: RSYNC
[17:03:04] Member not found in JSON object: include_btrfs_home_for_restore
[17:03:04] Member not found in JSON object: btrfs_use_qgroup
[17:03:04] Member not found in JSON object: date_format
[17:03:04] IconManager: init()
[17:03:04] bin_path: /usr/bin/timeshift
[17:03:04] found images directory: /usr/share/timeshift/images
[17:03:04] Main(): ok
[17:03:04] AppConsole: parse_arguments()
[17:03:04] Main: initialize_repo()
[17:03:04] backup_uuid=
[17:03:04] backup_parent_uuid=
[17:03:04] try_select_default_device_for_backup()
[17:03:04] SnapshotRepo: available()
[17:03:04] device is null
[17:03:04] is_available: false
[17:03:04] update_partitions()
[17:03:04] Device: get_disk_space_using_df(): 1
[17:03:04] Device: get_mounted_filesystems_using_mtab(): 1
[17:03:04] Device: get_filesystems(): 2
[17:03:04] partition list updated
[17:03:04] Main: initialize_repo(): exit
[17:03:04] AppConsole: start_application()
[17:03:04] 
[17:03:04] Select backup device:

[17:03:04] 
[17:04:04] [timeout] Exit application
