[17:04:11] Main: check_dependencies()
[17:04:11] [Warning] Deleted invalid lock
[17:04:11] Main: add_default_exclude_entries()
[17:04:11] Main: add_default_exclude_entries(): exit
[17:04:11] update_partitions()
[17:04:11] Device: get_disk_space_using_df(): 1
[17:04:11] Device: get_mounted_filesystems_using_mtab(): 1
[17:04:11] Device: get_filesystems(): 2
[17:04:11] partition list updated
[17:04:11] detect_system_devices()
[17:04:11] Searching subvolume for system at path: /
[17:04:11] Users: dummy getgetgetgetgotgotgotgot root hashing_lynx pikachu
[17:04:11] Encrypted home users: 
[17:04:11] Encrypted home dirs:

[17:04:11] Encrypted private dirs:

[17:04:11] Main: load_app_config()
[17:04:11] First run mode (config file not found)
[17:04:11] Selected default snapshot type: RSYNC
[17:04:11] Member not found in JSON object: include_btrfs_home_for_restore
[17:04:11] Member not found in JSON object: btrfs_use_qgroup
[17:04:11] Member not found in JSON object: date_format
[17:04:11] IconManager: init()
[17:04:11] bin_path: /usr/bin/timeshift
[17:04:11] found images directory: /usr/share/timeshift/images
[17:04:11] Main(): ok
[17:04:11] AppConsole: parse_arguments()
[17:04:11] Main: initialize_repo()
[17:04:11] backup_uuid=
[17:04:11] backup_parent_uuid=
[17:04:11] try_select_default_device_for_backup()
[17:04:11] SnapshotRepo: available()
[17:04:11] device is null
[17:04:11] is_available: false
[17:04:11] update_partitions()
[17:04:11] Device: get_disk_space_using_df(): 1
[17:04:11] Device: get_mounted_filesystems_using_mtab(): 1
[17:04:11] Device: get_filesystems(): 2
[17:04:11] partition list updated
[17:04:11] Main: initialize_repo(): exit
[17:04:11] AppConsole: start_application()
[17:04:11] 
[17:04:11] Select backup device:

[17:04:11] 
[17:04:13] 
[17:04:13] SnapshotRepo: from_device(): RSYNC
[17:04:13] SnapshotRepo: init_from_device()
[17:04:13] 
[17:04:13] SnapshotRepo: unlock_and_mount_devices()
[17:04:13] device=/dev/sda
[17:04:13] SnapshotRepo: unlock_and_mount_device()
[17:04:13] device=/dev/sda
[17:04:13] Device: get_mounted_filesystems_using_mtab(): 1
[17:04:13] ------------------
[17:04:13] arg=c4b52a3f-818a-c891-ac4a-b949bf511e72, device=/dev/sda
[17:04:13] /
[17:04:13] ------------------
[17:04:13] Device: get_mounted_filesystems_using_mtab(): 1
[17:04:13] Mounted '/dev/sda' at '/run/timeshift/backup'
[17:04:13] SnapshotRepo: load_snapshots()
[17:04:13] SnapshotRepo: unlock_and_mount_device(): exit
[17:04:13] Selected snapshot device: /dev/sda
[17:04:13] Free space: 21.2 GB
[17:04:13] SnapshotRepo: check_status()
[17:04:13] SnapshotRepo: available()
[17:04:13] is_available: ok
[17:04:13] SnapshotRepo: has_snapshots()
[17:04:13] SnapshotRepo: has_space()
[17:04:13] Device: get_disk_space_using_df(): 1
[17:04:13] no snapshots
[17:04:13] SnapshotRepo: check_status(): exit
[17:04:13] SnapshotRepo: init_from_device(): exit
[17:04:13] SnapshotRepo: available()
[17:04:13] is_available: ok
[17:04:13] Main: create_snapshot()
[17:04:13] SnapshotRepo: has_space()
[17:04:13] Device: get_disk_space_using_df(): 1
[17:04:13] no snapshots
[17:04:13] mkdir: /run/timeshift/backup/timeshift/snapshots
[17:04:13] Main: backup_and_rotate()
[17:04:13] SnapshotRepo: available()
[17:04:13] is_available: ok
[17:04:13] SnapshotRepo: has_space()
[17:04:13] Device: get_disk_space_using_df(): 1
[17:04:13] no snapshots
[17:04:13] ------------------------------------------------------------------------------
[17:04:13] Estimating system size...
[17:04:13] estimate_system_size()
[17:04:13] Using temp dir '/tmp/tIg2BZ8g'
[17:04:13] Main: save_exclude_list_for_backup()
[17:04:13] Main: create_exclude_list_for_backup()
[17:04:13] Main: create_exclude_list_for_backup(): exit
[17:04:13] LC_ALL=C ; rsync -ai --delete --numeric-ids --relative --stats --dry-run --delete-excluded --exclude-from='/tmp/tIg2BZ8g/exclude.list' /. '/tmp/tIg2BZ8g/empty' &> '/tmp/tIg2BZ8g/rsync.log'
[17:04:19] First snapshot size: 4.8 GB
[17:04:19] File count: 150288
[17:04:19] Main: save_app_config()
[17:04:19] SnapshotRepo: available()
[17:04:19] is_available: ok
[17:04:19] estimate_system_size(): ok
[17:04:19] Creating new snapshot...(RSYNC)
[17:04:19] Saving to device: /dev/sda, mounted at path: /run/timeshift/backup
[17:04:19] Main: save_exclude_list_for_backup()
[17:04:19] Main: create_exclude_list_for_backup()
[17:04:19] Main: create_exclude_list_for_backup(): exit
[17:04:19] Synching files with rsync...
[17:04:19] RsyncTask:execute()
[17:04:19] export LC_ALL=C.UTF-8
rsync -aii --recursive --verbose --delete --force --stats --sparse --delete-excluded --log-file='/run/timeshift/backup/timeshift/snapshots/2025-02-04_17-04-13/rsync-log' --exclude-from='/run/timeshift/backup/timeshift/snapshots/2025-02-04_17-04-13/exclude.list' --delete-excluded '/' '/run/timeshift/backup/timeshift/snapshots/2025-02-04_17-04-13/localhost/'
[17:04:19] RsyncTask:prepare(): saved: /tmp/tIg2BZ8g/2025-02-04_17-04-19/script.sh
[17:04:19] AsyncTask: child_pid: 19545
[17:05:23] AsyncTask: finish(): enter
[17:05:23] exit_code: 0
[17:05:24] Created control file: /run/timeshift/backup/timeshift/snapshots/2025-02-04_17-04-13/info.json
[17:05:24] RSYNC Snapshot saved successfully (70s)
[17:05:24] Tagged snapshot '2025-02-04_17-04-13': ondemand
[17:05:24] ------------------------------------------------------------------------------
[17:05:24] SnapshotRepo: load_snapshots()
[17:05:24] loading snapshots from '/run/timeshift/backup/timeshift/snapshots': 1 found
[17:05:24] SnapshotRepo: auto_remove()
[17:05:24] SnapshotRepo: remove_untagged()
[17:05:24] SnapshotRepo: load_snapshots()
[17:05:24] loading snapshots from '/run/timeshift/backup/timeshift/snapshots': 1 found
[17:05:24] SnapshotRepo: load_snapshots()
[17:05:24] loading snapshots from '/run/timeshift/backup/timeshift/snapshots': 1 found
[17:05:24] SnapshotRepo: load_snapshots()
[17:05:24] loading snapshots from '/run/timeshift/backup/timeshift/snapshots': 1 found
[17:05:24] SnapshotRepo: load_snapshots()
[17:05:24] loading snapshots from '/run/timeshift/backup/timeshift/snapshots': 1 found
[17:05:24] Symlinks updated
[17:05:24] exit_app()
[17:05:24] crontab -l
[17:05:24] Failed to read cron tab
[17:05:24] crontab -l
[17:05:24] Failed to read cron tab
[17:05:24] unmount_target_device()
[17:05:24] clean_logs()
[17:05:24] rm -rf '/tmp/tIg2BZ8g'
