Cloud-init v. 24.4-0ubuntu1~22.04.1 running 'init-local' at Tue, 04 Feb 2025 15:13:19 +0000. Up 6.25 seconds.
Cloud-init v. 24.4-0ubuntu1~22.04.1 running 'init' at Tue, 04 Feb 2025 15:13:27 +0000. Up 14.25 seconds.
ci-info: +++++++++++++++++++++++++++++++++++++++++Net device info++++++++++++++++++++++++++++++++++++++++++
ci-info: +--------+------+-----------------------------------+---------------+--------+-------------------+
ci-info: | Device |  Up  |              Address              |      Mask     | Scope  |     Hw-Address    |
ci-info: +--------+------+-----------------------------------+---------------+--------+-------------------+
ci-info: |  eth0  | True |           172.233.97.33           | 255.255.255.0 | global | f2:3c:95:cc:58:39 |
ci-info: |  eth0  | True | 2a01:7e02::f03c:95ff:fecc:5839/64 |       .       | global | f2:3c:95:cc:58:39 |
ci-info: |  eth0  | True |    fe80::f03c:95ff:fecc:5839/64   |       .       |  link  | f2:3c:95:cc:58:39 |
ci-info: |   lo   | True |             127.0.0.1             |   255.0.0.0   |  host  |         .         |
ci-info: |   lo   | True |              ::1/128              |       .       |  host  |         .         |
ci-info: +--------+------+-----------------------------------+---------------+--------+-------------------+
ci-info: ++++++++++++++++++++++++++++++Route IPv4 info++++++++++++++++++++++++++++++
ci-info: +-------+--------------+--------------+---------------+-----------+-------+
ci-info: | Route | Destination  |   Gateway    |    Genmask    | Interface | Flags |
ci-info: +-------+--------------+--------------+---------------+-----------+-------+
ci-info: |   0   |   0.0.0.0    | 172.233.97.1 |    0.0.0.0    |    eth0   |   UG  |
ci-info: |   1   | 172.233.97.0 |   0.0.0.0    | 255.255.255.0 |    eth0   |   U   |
ci-info: +-------+--------------+--------------+---------------+-----------+-------+
ci-info: +++++++++++++++++++++++Route IPv6 info+++++++++++++++++++++++
ci-info: +-------+-------------+-----------------+-----------+-------+
ci-info: | Route | Destination |     Gateway     | Interface | Flags |
ci-info: +-------+-------------+-----------------+-----------+-------+
ci-info: |   1   |  fe80::/64  |        ::       |    eth0   |   U   |
ci-info: |   2   |     ::/0    | fe80::a9fe:a9fe |    eth0   |  UGe  |
ci-info: |   4   |    local    |        ::       |    eth0   |   U   |
ci-info: |   5   |    local    |        ::       |    eth0   |   U   |
ci-info: |   6   |  multicast  |        ::       |    eth0   |   U   |
ci-info: +-------+-------------+-----------------+-----------+-------+
Generating public/private rsa key pair.
Your identification has been saved in /etc/ssh/ssh_host_rsa_key
Your public key has been saved in /etc/ssh/ssh_host_rsa_key.pub
The key fingerprint is:
SHA256:59dMx45dI37Iatc3vs/UmrmiUKAMVPt1ImvMshR1uJY root@localhost
The key's randomart image is:
+---[RSA 3072]----+
|    ... ...      |
|   .   o..       |
|    . o ooo .    |
|     o *E= o   . |
|      =.S o  ...+|
|     . + +  o+o=+|
|      . . . .+=.=|
|         . oo..O.|
|          oo..*+B|
+----[SHA256]-----+
Generating public/private ecdsa key pair.
Your identification has been saved in /etc/ssh/ssh_host_ecdsa_key
Your public key has been saved in /etc/ssh/ssh_host_ecdsa_key.pub
The key fingerprint is:
SHA256:UEZotAbek27S+xG+zKxlH8WGHbkYmOPgu++9ghH4GlI root@localhost
The key's randomart image is:
+---[ECDSA 256]---+
|    ...o+        |
|   . oo= o   .   |
|    .oO + . o    |
|    E=.= . * o   |
|   ...=.S o *    |
|  . .oo+ . o     |
|   . ooo= .      |
|    . .O.= .     |
|      o+O.+.     |
+----[SHA256]-----+
Generating public/private ed25519 key pair.
Your identification has been saved in /etc/ssh/ssh_host_ed25519_key
Your public key has been saved in /etc/ssh/ssh_host_ed25519_key.pub
The key fingerprint is:
SHA256:nnZIazprnQfFY5XyQngpcjJLWZf5+YJtbpRb9m3HtmA root@localhost
The key's randomart image is:
+--[ED25519 256]--+
|       o...+ .   |
|      * +.B o    |
|     . * = = .   |
|      .   * +    |
|        So = o   |
|       o.+. * +  |
|       .Bo.+ E o.|
|      o+o.. = . B|
|     .oo . .   +o|
+----[SHA256]-----+
Cloud-init v. 24.4-0ubuntu1~22.04.1 running 'modules:config' at Tue, 04 Feb 2025 15:13:28 +0000. Up 15.82 seconds.
Cloud-init v. 24.4-0ubuntu1~22.04.1 running 'modules:final' at Tue, 04 Feb 2025 15:13:29 +0000. Up 16.57 seconds.
Cloud-init v. 24.4-0ubuntu1~22.04.1 finished at Tue, 04 Feb 2025 15:13:29 +0000. Datasource DataSourceAkamaiLocal.  Up 16.71 seconds
Cloud-init v. 24.4-0ubuntu1~22.04.1 running 'init-local' at Tue, 04 Feb 2025 17:08:45 +0000. Up 5.82 seconds.
Cloud-init v. 24.4-0ubuntu1~22.04.1 running 'init' at Tue, 04 Feb 2025 17:08:50 +0000. Up 11.16 seconds.
ci-info: +++++++++++++++++++++++++++++++++++++++++Net device info++++++++++++++++++++++++++++++++++++++++++
ci-info: +--------+------+-----------------------------------+---------------+--------+-------------------+
ci-info: | Device |  Up  |              Address              |      Mask     | Scope  |     Hw-Address    |
ci-info: +--------+------+-----------------------------------+---------------+--------+-------------------+
ci-info: |  eth0  | True |           172.233.97.33           | 255.255.255.0 | global | f2:3c:95:cc:58:39 |
ci-info: |  eth0  | True | 2a01:7e02::f03c:95ff:fecc:5839/64 |       .       | global | f2:3c:95:cc:58:39 |
ci-info: |  eth0  | True |    fe80::f03c:95ff:fecc:5839/64   |       .       |  link  | f2:3c:95:cc:58:39 |
ci-info: |   lo   | True |             127.0.0.1             |   255.0.0.0   |  host  |         .         |
ci-info: |   lo   | True |              ::1/128              |       .       |  host  |         .         |
ci-info: +--------+------+-----------------------------------+---------------+--------+-------------------+
ci-info: ++++++++++++++++++++++++++++++Route IPv4 info++++++++++++++++++++++++++++++
ci-info: +-------+--------------+--------------+---------------+-----------+-------+
ci-info: | Route | Destination  |   Gateway    |    Genmask    | Interface | Flags |
ci-info: +-------+--------------+--------------+---------------+-----------+-------+
ci-info: |   0   |   0.0.0.0    | 172.233.97.1 |    0.0.0.0    |    eth0   |   UG  |
ci-info: |   1   | 172.233.97.0 |   0.0.0.0    | 255.255.255.0 |    eth0   |   U   |
ci-info: +-------+--------------+--------------+---------------+-----------+-------+
ci-info: +++++++++++++++++++++++Route IPv6 info+++++++++++++++++++++++
ci-info: +-------+-------------+-----------------+-----------+-------+
ci-info: | Route | Destination |     Gateway     | Interface | Flags |
ci-info: +-------+-------------+-----------------+-----------+-------+
ci-info: |   1   |  fe80::/64  |        ::       |    eth0   |   U   |
ci-info: |   2   |     ::/0    | fe80::a9fe:a9fe |    eth0   |  UGe  |
ci-info: |   4   |    local    |        ::       |    eth0   |   U   |
ci-info: |   5   |    local    |        ::       |    eth0   |   U   |
ci-info: |   6   |  multicast  |        ::       |    eth0   |   U   |
ci-info: +-------+-------------+-----------------+-----------+-------+
Cloud-init v. 24.4-0ubuntu1~22.04.1 running 'modules:config' at Tue, 04 Feb 2025 17:08:52 +0000. Up 12.41 seconds.
Cloud-init v. 24.4-0ubuntu1~22.04.1 running 'modules:final' at Tue, 04 Feb 2025 17:08:52 +0000. Up 12.93 seconds.
Cloud-init v. 24.4-0ubuntu1~22.04.1 finished at Tue, 04 Feb 2025 17:08:52 +0000. Datasource DataSourceAkamaiLocal.  Up 13.01 seconds
